<?xml version="1.0" encoding="UTF-8"?>
<robot generator="Robot 6.0.1 (Python 3.11.0 on win32)" generated="20230903 10:20:16.421" rpa="false" schemaversion="3">
<suite id="s1" name="Test" source="C:\javan\test\test.robot">
<kw name="Set Suite Documentation" library="BuiltIn" type="SETUP">
<arg>test</arg>
<doc>Sets documentation for the current test suite.</doc>
<msg timestamp="20230903 10:20:17.117" level="INFO">Set suite documentation to:
test</msg>
<status status="PASS" starttime="20230903 10:20:17.117" endtime="20230903 10:20:17.117"/>
</kw>
<test id="s1-t1" name="Filter Portofolio" line="10">
<kw name="Begin Web Test" library="test">
<kw name="Open Browser" library="Selenium2Library">
<arg>${url}</arg>
<arg>${browser}</arg>
<doc>Opens a new browser instance to the optional ``url``.</doc>
<msg timestamp="20230903 10:20:17.120" level="INFO">Opening browser 'Chrome' to base url 'https://www.javan.co.id/'.</msg>
<status status="PASS" starttime="20230903 10:20:17.120" endtime="20230903 10:20:24.003"/>
</kw>
<kw name="Maximize Browser Window" library="Selenium2Library">
<doc>Maximizes current browser window.</doc>
<status status="PASS" starttime="20230903 10:20:24.004" endtime="20230903 10:20:24.360"/>
</kw>
<kw name="Set Selenium Speed" library="Selenium2Library">
<arg>${delay}</arg>
<doc>Sets the delay that is waited after each Selenium command.</doc>
<status status="PASS" starttime="20230903 10:20:24.361" endtime="20230903 10:20:24.361"/>
</kw>
<kw name="Title Should Be" library="Selenium2Library">
<arg>Home | PT Javan Cipta Solusi</arg>
<doc>Verifies that the current page title equals ``title``.</doc>
<msg timestamp="20230903 10:20:24.991" level="INFO">Page title is 'Home | PT Javan Cipta Solusi'.</msg>
<status status="PASS" starttime="20230903 10:20:24.362" endtime="20230903 10:20:24.991"/>
</kw>
<status status="PASS" starttime="20230903 10:20:17.120" endtime="20230903 10:20:24.991"/>
</kw>
<kw name="Click Portofolio" library="test">
<kw name="Click Element" library="Selenium2Library">
<arg>xpath:/html/body/div[1]/div/div/div[2]/ul/li[5]/div/button/span</arg>
<doc>Click the element identified by ``locator``.</doc>
<msg timestamp="20230903 10:20:24.991" level="INFO">Clicking element 'xpath:/html/body/div[1]/div/div/div[2]/ul/li[5]/div/button/span'.</msg>
<status status="PASS" starttime="20230903 10:20:24.991" endtime="20230903 10:20:26.443"/>
</kw>
<status status="PASS" starttime="20230903 10:20:24.991" endtime="20230903 10:20:26.443"/>
</kw>
<kw name="Click Sub Portofolio" library="test">
<kw name="Sleep" library="BuiltIn">
<arg>2</arg>
<doc>Pauses the test executed for the given time.</doc>
<msg timestamp="20230903 10:20:28.446" level="INFO">Slept 2 seconds</msg>
<status status="PASS" starttime="20230903 10:20:26.445" endtime="20230903 10:20:28.446"/>
</kw>
<kw name="Click Element" library="Selenium2Library">
<arg>xpath:/html/body/div[1]/div/div/div[2]/ul/li[5]/div/ul/li[1]/a</arg>
<doc>Click the element identified by ``locator``.</doc>
<msg timestamp="20230903 10:20:28.446" level="INFO">Clicking element 'xpath:/html/body/div[1]/div/div/div[2]/ul/li[5]/div/ul/li[1]/a'.</msg>
<status status="PASS" starttime="20230903 10:20:28.446" endtime="20230903 10:20:31.456"/>
</kw>
<status status="PASS" starttime="20230903 10:20:26.445" endtime="20230903 10:20:31.456"/>
</kw>
<kw name="Click Tipe Klien" library="test">
<kw name="Sleep" library="BuiltIn">
<arg>2</arg>
<doc>Pauses the test executed for the given time.</doc>
<msg timestamp="20230903 10:20:33.457" level="INFO">Slept 2 seconds</msg>
<status status="PASS" starttime="20230903 10:20:31.456" endtime="20230903 10:20:33.457"/>
</kw>
<kw name="Click Element" library="Selenium2Library">
<arg>xpath:/html/body/div[2]/section[1]/div/div[2]/div[2]/div[1]/button</arg>
<doc>Click the element identified by ``locator``.</doc>
<msg timestamp="20230903 10:20:33.457" level="INFO">Clicking element 'xpath:/html/body/div[2]/section[1]/div/div[2]/div[2]/div[1]/button'.</msg>
<status status="PASS" starttime="20230903 10:20:33.457" endtime="20230903 10:20:34.563"/>
</kw>
<kw name="Sleep" library="BuiltIn">
<arg>3</arg>
<doc>Pauses the test executed for the given time.</doc>
<msg timestamp="20230903 10:20:37.564" level="INFO">Slept 3 seconds</msg>
<status status="PASS" starttime="20230903 10:20:34.563" endtime="20230903 10:20:37.564"/>
</kw>
<kw name="Click Element" library="Selenium2Library">
<arg>xpath:/html/body/div[2]/section[1]/div/div[2]/div[2]/div[2]/div/a[2]</arg>
<doc>Click the element identified by ``locator``.</doc>
<msg timestamp="20230903 10:20:37.564" level="INFO">Clicking element 'xpath:/html/body/div[2]/section[1]/div/div[2]/div[2]/div[2]/div/a[2]'.</msg>
<status status="PASS" starttime="20230903 10:20:37.564" endtime="20230903 10:20:39.387"/>
</kw>
<status status="PASS" starttime="20230903 10:20:31.456" endtime="20230903 10:20:39.387"/>
</kw>
<kw name="Verify Tipe Klien" library="test">
<kw name="Sleep" library="BuiltIn">
<arg>2</arg>
<doc>Pauses the test executed for the given time.</doc>
<msg timestamp="20230903 10:20:41.388" level="INFO">Slept 2 seconds</msg>
<status status="PASS" starttime="20230903 10:20:39.387" endtime="20230903 10:20:41.388"/>
</kw>
<kw name="Element Text Should Be" library="Selenium2Library">
<arg>xpath:/html/body/div[2]/section[2]/div/div[5]/div[2]/a</arg>
<arg>SMEP Pemerintah Probolinggo</arg>
<doc>Verifies that element ``locator`` contains exact the text ``expected``.</doc>
<msg timestamp="20230903 10:20:41.388" level="INFO">Verifying element 'xpath:/html/body/div[2]/section[2]/div/div[5]/div[2]/a' contains exact text 'SMEP Pemerintah Probolinggo'.</msg>
<msg timestamp="20230903 10:20:42.620" level="INFO" html="true">&lt;/td&gt;&lt;/tr&gt;&lt;tr&gt;&lt;td colspan="3"&gt;&lt;a href="selenium-screenshot-2.png"&gt;&lt;img src="selenium-screenshot-2.png" width="800px"&gt;&lt;/a&gt;</msg>
<msg timestamp="20230903 10:20:42.620" level="FAIL">Element with locator 'xpath:/html/body/div[2]/section[2]/div/div[5]/div[2]/a' not found.</msg>
<status status="FAIL" starttime="20230903 10:20:41.388" endtime="20230903 10:20:42.665"/>
</kw>
<status status="FAIL" starttime="20230903 10:20:39.387" endtime="20230903 10:20:42.665"/>
</kw>
<status status="FAIL" starttime="20230903 10:20:17.117" endtime="20230903 10:20:42.669">Element with locator 'xpath:/html/body/div[2]/section[2]/div/div[5]/div[2]/a' not found.</status>
</test>
<doc>test</doc>
<status status="FAIL" starttime="20230903 10:20:16.421" endtime="20230903 10:20:42.675"/>
</suite>
<statistics>
<total>
<stat pass="0" fail="1" skip="0">All Tests</stat>
</total>
<tag>
</tag>
<suite>
<stat pass="0" fail="1" skip="0" id="s1" name="Test">Test</stat>
</suite>
</statistics>
<errors>
</errors>
</robot>
